<?xml version="1.0" encoding="UTF-8"?>
<testng-results skipped="0" failed="0" total="1" passed="1">
  <reporter-output>
  </reporter-output>
  <suite name="Suite" duration-ms="10828" started-at="2019-03-31T20:47:37Z" finished-at="2019-03-31T20:47:48Z">
    <groups>
    </groups>
    <test name="Test" duration-ms="10828" started-at="2019-03-31T20:47:37Z" finished-at="2019-03-31T20:47:48Z">
      <class name="org.appiumdemo.NewTest">
        <test-method status="PASS" signature="beforeClass()[pri:0, instance:org.appiumdemo.NewTest@35fb3008]" name="beforeClass" is-config="true" duration-ms="12" started-at="2019-04-01T02:17:37Z" finished-at="2019-04-01T02:17:37Z">
          <reporter-output>
          </reporter-output>
        </test-method> <!-- beforeClass -->
        <test-method status="PASS" signature="f()[pri:0, instance:org.appiumdemo.NewTest@35fb3008]" name="f" duration-ms="10799" started-at="2019-04-01T02:17:37Z" finished-at="2019-04-01T02:17:48Z">
          <reporter-output>
          </reporter-output>
        </test-method> <!-- f -->
        <test-method status="PASS" signature="afterClass()[pri:0, instance:org.appiumdemo.NewTest@35fb3008]" name="afterClass" is-config="true" duration-ms="1" started-at="2019-04-01T02:17:48Z" finished-at="2019-04-01T02:17:48Z">
          <reporter-output>
          </reporter-output>
        </test-method> <!-- afterClass -->
      </class> <!-- org.appiumdemo.NewTest -->
    </test> <!-- Test -->
  </suite> <!-- Suite -->
</testng-results>
