<?xml version="1.0" encoding="UTF-8"?>
<testng-results skipped="0" failed="0" total="1" passed="1">
  <reporter-output>
  </reporter-output>
  <suite name="Suite" duration-ms="42909" started-at="2019-04-05T03:33:10Z" finished-at="2019-04-05T03:33:53Z">
    <groups>
    </groups>
    <test name="Test" duration-ms="42909" started-at="2019-04-05T03:33:10Z" finished-at="2019-04-05T03:33:53Z">
      <class name="org.appiumdemo.TestCaseDemo">
        <test-method status="PASS" signature="beforeClass()[pri:0, instance:org.appiumdemo.TestCaseDemo@1fc5af1]" name="beforeClass" is-config="true" duration-ms="31" started-at="2019-04-05T09:03:10Z" finished-at="2019-04-05T09:03:10Z">
          <reporter-output>
          </reporter-output>
        </test-method> <!-- beforeClass -->
        <test-method status="PASS" signature="buyproductfromEbay()[pri:0, instance:org.appiumdemo.TestCaseDemo@1fc5af1]" name="buyproductfromEbay" duration-ms="42790" started-at="2019-04-05T09:03:10Z" finished-at="2019-04-05T09:03:53Z">
          <reporter-output>
          </reporter-output>
        </test-method> <!-- buyproductfromEbay -->
        <test-method status="PASS" signature="afterClass()[pri:0, instance:org.appiumdemo.TestCaseDemo@1fc5af1]" name="afterClass" is-config="true" duration-ms="1" started-at="2019-04-05T09:03:53Z" finished-at="2019-04-05T09:03:53Z">
          <reporter-output>
          </reporter-output>
        </test-method> <!-- afterClass -->
      </class> <!-- org.appiumdemo.TestCaseDemo -->
    </test> <!-- Test -->
  </suite> <!-- Suite -->
</testng-results>
